<?xml version="1.0" encoding="UTF-8"?>
<!-- Generated by org.testng.reporters.JUnitReportReporter -->
<testsuite hostname="LAPTOP-BBV4M2VF" failures="0" tests="3" name="cricbuzz.Team2" time="0.002" errors="0" timestamp="2020-02-21T16:09:34 IST" skipped="0">
  <testcase classname="cricbuzz.Team2" name="team2Logout" time="0.001"/>
  <testcase classname="cricbuzz.Team2" name="team2Login" time="0.000"/>
  <testcase classname="cricbuzz.Team2" name="team2Score" time="0.001"/>
</testsuite> <!-- cricbuzz.Team2 -->
