<?xml version="1.0" encoding="UTF-8"?>
<!-- Generated by org.testng.reporters.JUnitReportReporter -->
<testsuite hostname="LAPTOP-BBV4M2VF" failures="0" tests="5" name="cricbuzz.Team3" time="0.016" errors="0" timestamp="2020-02-22T02:20:04 IST" skipped="0">
  <testcase classname="cricbuzz.Team3" name="cat" time="0.016"/>
  <testcase classname="cricbuzz.Team3" name="zebra" time="0.000"/>
  <testcase classname="cricbuzz.Team3" name="anil" time="0.000"/>
  <testcase classname="cricbuzz.Team3" name="ball" time="0.000"/>
  <testcase classname="cricbuzz.Team3" name="elephant" time="0.000"/>
</testsuite> <!-- cricbuzz.Team3 -->
