<?xml version="1.0" encoding="UTF-8"?>
<!-- Generated by org.testng.reporters.JUnitReportReporter -->
<testsuite hostname="LAPTOP-BBV4M2VF" failures="0" tests="1" name="tests.demo1" time="0.013" errors="0" timestamp="2020-02-21T16:33:50 IST" skipped="0">
  <testcase classname="tests.demo1" name="test2" time="0.013"/>
</testsuite> <!-- tests.demo1 -->
