<?xml version="1.0" encoding="UTF-8"?>
<!-- Generated by org.testng.reporters.JUnitReportReporter -->
<testsuite hostname="LAPTOP-BBV4M2VF" failures="0" tests="1" name="cricbuzz.Team1" time="0.001" errors="0" timestamp="2020-02-21T16:33:50 IST" skipped="0">
  <testcase classname="cricbuzz.Team1" name="team1Score" time="0.001"/>
</testsuite> <!-- cricbuzz.Team1 -->
