<?xml version="1.0" encoding="UTF-8"?>
<!-- Generated by org.testng.reporters.JUnitReportReporter -->
<testsuite hostname="LAPTOP-BBV4M2VF" failures="0" tests="1" name="tests.demo2" time="0.001" errors="0" timestamp="2020-02-21T16:31:45 IST" skipped="0">
  <testcase classname="tests.demo2" name="test3" time="0.001"/>
</testsuite> <!-- tests.demo2 -->
